  bmpReader.c
D:\BSUIR\bsuirLabs\2sem\ОАиП\laba3\laba3\bmpReader.c(12,3): warning C4047: return: "BMPFile *" отличается по уровням косвенного обращения от "int"
D:\BSUIR\bsuirLabs\2sem\ОАиП\laba3\laba3\bmpReader.c(20,93): warning C4474: "printf" : для строки формата передано слишком много аргументов
D:\BSUIR\bsuirLabs\2sem\ОАиП\laba3\laba3\bmpReader.c(20,93): message : заполнители и их параметры ожидают переменное число аргументов в количестве 0, но было предоставлено 1
D:\BSUIR\bsuirLabs\2sem\ОАиП\laba3\laba3\bmpReader.c(22,3): warning C4047: return: "BMPFile *" отличается по уровням косвенного обращения от "int"
D:\BSUIR\bsuirLabs\2sem\ОАиП\laba3\laba3\bmpReader.c(51,30): warning C4028: формальный параметр 1 отличается от объявления
D:\BSUIR\bsuirLabs\2sem\ОАиП\laba3\laba3\bmpReader.c(95,20): warning C4018: <: несоответствие типов со знаком и без знака
D:\BSUIR\bsuirLabs\2sem\ОАиП\laba3\laba3\bmpReader.c(110,20): warning C4018: <: несоответствие типов со знаком и без знака
D:\BSUIR\bsuirLabs\2sem\ОАиП\laba3\laba3\bmpReader.c(126,20): warning C4018: <: несоответствие типов со знаком и без знака
D:\BSUIR\bsuirLabs\2sem\ОАиП\laba3\laba3\bmpReader.c(127,24): warning C4244: инициализация: преобразование "double" в "unsigned char", возможна потеря данных
D:\BSUIR\bsuirLabs\2sem\ОАиП\laba3\laba3\bmpReader.c(140,20): warning C4018: <: несоответствие типов со знаком и без знака
D:\BSUIR\bsuirLabs\2sem\ОАиП\laba3\laba3\bmpReader.c(152,7): warning C4244: =: преобразование "double" в "unsigned char", возможна потеря данных
D:\BSUIR\bsuirLabs\2sem\ОАиП\laba3\laba3\bmpReader.c(153,7): warning C4244: =: преобразование "double" в "unsigned char", возможна потеря данных
D:\BSUIR\bsuirLabs\2sem\ОАиП\laba3\laba3\bmpReader.c(154,7): warning C4244: =: преобразование "double" в "unsigned char", возможна потеря данных
D:\BSUIR\bsuirLabs\2sem\ОАиП\laba3\laba3\bmpReader.c(178,2): warning C4013: memcpy: нет определения; предполагается "extern" с возвратом типа "int"
  comparators.c
  files.c
  main.c
  menu.c
D:\BSUIR\bsuirLabs\2sem\ОАиП\laba3\laba3\menu.c(24,7): warning C4013: strlen: нет определения; предполагается "extern" с возвратом типа "int"
D:\BSUIR\bsuirLabs\2sem\ОАиП\laba3\laba3\menu.c(26,36): warning C4047: ==: "BMPFile *" отличается по уровням косвенного обращения от "int"
D:\BSUIR\bsuirLabs\2sem\ОАиП\laba3\laba3\menu.c(26,71): warning C4047: ==: "BMPFile *" отличается по уровням косвенного обращения от "int"
D:\BSUIR\bsuirLabs\2sem\ОАиП\laba3\laba3\menu.c(86,38): warning C4047: ==: "BMPFile *" отличается по уровням косвенного обращения от "int"
  Создание кода...
  laba3.vcxproj -> D:\BSUIR\bsuirLabs\2sem\ОАиП\laba3\x64\Debug\laba3.exe
