  main.c
C:\BSUIR\laby\laba4\task3_var8\task3_var8\main.c(23,24): warning C4047: 'function': 'char *' differs in levels of indirection from 'char (*)[12]'
C:\BSUIR\laby\laba4\task3_var8\task3_var8\main.c(23,17): warning C4024: 'compare': different types for formal and actual parameter 1
C:\BSUIR\laby\laba4\task3_var8\task3_var8\main.c(23,33): warning C4047: 'function': 'char *' differs in levels of indirection from 'char (*)[12]'
C:\BSUIR\laby\laba4\task3_var8\task3_var8\main.c(23,26): warning C4024: 'compare': different types for formal and actual parameter 2
C:\BSUIR\laby\laba4\task3_var8\task3_var8\main.c(23,61): warning C4047: 'function': 'char *' differs in levels of indirection from 'char (*)[12]'
C:\BSUIR\laby\laba4\task3_var8\task3_var8\main.c(23,54): warning C4024: 'compare': different types for formal and actual parameter 1
C:\BSUIR\laby\laba4\task3_var8\task3_var8\main.c(23,70): warning C4047: 'function': 'char *' differs in levels of indirection from 'char (*)[12]'
C:\BSUIR\laby\laba4\task3_var8\task3_var8\main.c(23,63): warning C4024: 'compare': different types for formal and actual parameter 2
C:\BSUIR\laby\laba4\task3_var8\task3_var8\main.c(28,21): warning C4047: 'function': 'char *' differs in levels of indirection from 'char (*)[12]'
C:\BSUIR\laby\laba4\task3_var8\task3_var8\main.c(28,14): warning C4024: 'compare': different types for formal and actual parameter 1
C:\BSUIR\laby\laba4\task3_var8\task3_var8\main.c(28,30): warning C4047: 'function': 'char *' differs in levels of indirection from 'char (*)[12]'
C:\BSUIR\laby\laba4\task3_var8\task3_var8\main.c(28,23): warning C4024: 'compare': different types for formal and actual parameter 2
C:\BSUIR\laby\laba4\task3_var8\task3_var8\main.c(46,21): warning C4047: 'function': 'char *' differs in levels of indirection from 'char (*)[12]'
C:\BSUIR\laby\laba4\task3_var8\task3_var8\main.c(46,14): warning C4024: 'compare': different types for formal and actual parameter 1
C:\BSUIR\laby\laba4\task3_var8\task3_var8\main.c(46,30): warning C4047: 'function': 'char *' differs in levels of indirection from 'char (*)[12]'
C:\BSUIR\laby\laba4\task3_var8\task3_var8\main.c(46,23): warning C4024: 'compare': different types for formal and actual parameter 2
C:\BSUIR\laby\laba4\task3_var8\task3_var8\main.c(48,9): warning C4013: 'time' undefined; assuming extern returning int
C:\BSUIR\laby\laba4\task3_var8\task3_var8\main.c(77,61): warning C4474: 'printf' : too many arguments passed for format string
C:\BSUIR\laby\laba4\task3_var8\task3_var8\main.c(77,61): message : placeholders and their parameters expect 0 variadic arguments, but 1 were provided
  task3_var8.vcxproj -> C:\BSUIR\laby\laba4\task3_var8\x64\Debug\task3_var8.exe
