Classic Timing Analyzer report for kuravaya
Fri May 26 09:28:28 2023
Quartus II Version 9.1 Build 222 10/21/2009 SJ Web Edition


---------------------
; Table of Contents ;
---------------------
  1. Legal Notice
  2. Timing Analyzer Summary
  3. Timing Analyzer Settings
  4. Parallel Compilation
  5. tpd
  6. Timing Analyzer Messages



----------------
; Legal Notice ;
----------------
Copyright (C) 1991-2009 Altera Corporation
Your use of Altera Corporation's design tools, logic functions 
and other software and tools, and its AMPP partner logic 
functions, and any output files from any of the foregoing 
(including device programming or simulation files), and any 
associated documentation or information are expressly subject 
to the terms and conditions of the Altera Program License 
Subscription Agreement, Altera MegaCore Function License 
Agreement, or other applicable license agreement, including, 
without limitation, that your use is for the sole purpose of 
programming logic devices manufactured by Altera and sold by 
Altera or its authorized distributors.  Please refer to the 
applicable agreement for further details.



+----------------------------------------------------------------------------------------------------------------------------+
; Timing Analyzer Summary                                                                                                    ;
+------------------------------+-------+---------------+-------------+------+---------+------------+----------+--------------+
; Type                         ; Slack ; Required Time ; Actual Time ; From ; To      ; From Clock ; To Clock ; Failed Paths ;
+------------------------------+-------+---------------+-------------+------+---------+------------+----------+--------------+
; Worst-case tpd               ; N/A   ; None          ; 7.834 ns    ; a2   ; perenos ; --         ; --       ; 0            ;
; Total number of failed paths ;       ;               ;             ;      ;         ;            ;          ; 0            ;
+------------------------------+-------+---------------+-------------+------+---------+------------+----------+--------------+


+-----------------------------------------------------------------------------------------------------------------------------------------------------+
; Timing Analyzer Settings                                                                                                                            ;
+------------------------------------------------------------------------------------------------------+--------------------+------+----+-------------+
; Option                                                                                               ; Setting            ; From ; To ; Entity Name ;
+------------------------------------------------------------------------------------------------------+--------------------+------+----+-------------+
; Device Name                                                                                          ; EPM240T100C5       ;      ;    ;             ;
; Timing Models                                                                                        ; Final              ;      ;    ;             ;
; Default hold multicycle                                                                              ; Same as Multicycle ;      ;    ;             ;
; Cut paths between unrelated clock domains                                                            ; On                 ;      ;    ;             ;
; Cut off read during write signal paths                                                               ; On                 ;      ;    ;             ;
; Cut off feedback from I/O pins                                                                       ; On                 ;      ;    ;             ;
; Report Combined Fast/Slow Timing                                                                     ; Off                ;      ;    ;             ;
; Ignore Clock Settings                                                                                ; Off                ;      ;    ;             ;
; Analyze latches as synchronous elements                                                              ; On                 ;      ;    ;             ;
; Enable Recovery/Removal analysis                                                                     ; Off                ;      ;    ;             ;
; Enable Clock Latency                                                                                 ; Off                ;      ;    ;             ;
; Use TimeQuest Timing Analyzer                                                                        ; Off                ;      ;    ;             ;
; Minimum Core Junction Temperature                                                                    ; 0                  ;      ;    ;             ;
; Maximum Core Junction Temperature                                                                    ; 85                 ;      ;    ;             ;
; Number of source nodes to report per destination node                                                ; 10                 ;      ;    ;             ;
; Number of destination nodes to report                                                                ; 10                 ;      ;    ;             ;
; Number of paths to report                                                                            ; 200                ;      ;    ;             ;
; Report Minimum Timing Checks                                                                         ; Off                ;      ;    ;             ;
; Use Fast Timing Models                                                                               ; Off                ;      ;    ;             ;
; Report IO Paths Separately                                                                           ; Off                ;      ;    ;             ;
; Perform Multicorner Analysis                                                                         ; Off                ;      ;    ;             ;
; Reports the worst-case path for each clock domain and analysis                                       ; Off                ;      ;    ;             ;
; Reports worst-case timing paths for each clock domain and analysis                                   ; On                 ;      ;    ;             ;
; Specifies the maximum number of worst-case timing paths to report for each clock domain and analysis ; 100                ;      ;    ;             ;
; Removes common clock path pessimism (CCPP) during slack computation                                  ; Off                ;      ;    ;             ;
; Output I/O Timing Endpoint                                                                           ; Near End           ;      ;    ;             ;
+------------------------------------------------------------------------------------------------------+--------------------+------+----+-------------+


Parallel compilation was disabled, but you have multiple processors available. Enable parallel compilation to reduce compilation time.
+-------------------------------------+
; Parallel Compilation                ;
+----------------------------+--------+
; Processors                 ; Number ;
+----------------------------+--------+
; Number detected on machine ; 4      ;
; Maximum allowed            ; 1      ;
+----------------------------+--------+


+--------------------------------------------------------------+
; tpd                                                          ;
+-------+-------------------+-----------------+------+---------+
; Slack ; Required P2P Time ; Actual P2P Time ; From ; To      ;
+-------+-------------------+-----------------+------+---------+
; N/A   ; None              ; 7.834 ns        ; a2   ; perenos ;
; N/A   ; None              ; 7.751 ns        ; a2   ; s2      ;
; N/A   ; None              ; 7.745 ns        ; a2   ; s1      ;
; N/A   ; None              ; 7.744 ns        ; a1   ; perenos ;
; N/A   ; None              ; 7.660 ns        ; a1   ; s2      ;
; N/A   ; None              ; 7.660 ns        ; a1   ; s1      ;
; N/A   ; None              ; 7.563 ns        ; p    ; perenos ;
; N/A   ; None              ; 7.487 ns        ; p    ; s1      ;
; N/A   ; None              ; 7.480 ns        ; p    ; s2      ;
; N/A   ; None              ; 7.431 ns        ; b2   ; perenos ;
; N/A   ; None              ; 7.366 ns        ; b2   ; s1      ;
; N/A   ; None              ; 7.348 ns        ; b2   ; s2      ;
+-------+-------------------+-----------------+------+---------+


+--------------------------+
; Timing Analyzer Messages ;
+--------------------------+
Info: *******************************************************************
Info: Running Quartus II Classic Timing Analyzer
    Info: Version 9.1 Build 222 10/21/2009 SJ Web Edition
    Info: Processing started: Fri May 26 09:28:28 2023
Info: Command: quartus_tan --read_settings_files=off --write_settings_files=off kuravaya -c kuravaya
Info: Started post-fitting delay annotation
Info: Delay annotation completed successfully
Info: Longest tpd from source pin "a2" to destination pin "perenos" is 7.834 ns
    Info: 1: + IC(0.000 ns) + CELL(1.132 ns) = 1.132 ns; Loc. = PIN_2; Fanout = 3; PIN Node = 'a2'
    Info: 2: + IC(1.375 ns) + CELL(0.914 ns) = 3.421 ns; Loc. = LC_X2_Y4_N5; Fanout = 1; COMB Node = 'inst11~0'
    Info: 3: + IC(2.091 ns) + CELL(2.322 ns) = 7.834 ns; Loc. = PIN_33; Fanout = 0; PIN Node = 'perenos'
    Info: Total cell delay = 4.368 ns ( 55.76 % )
    Info: Total interconnect delay = 3.466 ns ( 44.24 % )
Info: Quartus II Classic Timing Analyzer was successful. 0 errors, 0 warnings
    Info: Peak virtual memory: 170 megabytes
    Info: Processing ended: Fri May 26 09:28:28 2023
    Info: Elapsed time: 00:00:00
    Info: Total CPU time (on all processors): 00:00:00


