Flow report for kuravaya
Fri May 26 09:28:28 2023
Quartus II Version 9.1 Build 222 10/21/2009 SJ Web Edition


---------------------
; Table of Contents ;
---------------------
  1. Legal Notice
  2. Flow Summary
  3. Flow Settings
  4. Flow Non-Default Global Settings
  5. Flow Elapsed Time
  6. Flow OS Summary
  7. Flow Log



----------------
; Legal Notice ;
----------------
Copyright (C) 1991-2009 Altera Corporation
Your use of Altera Corporation's design tools, logic functions 
and other software and tools, and its AMPP partner logic 
functions, and any output files from any of the foregoing 
(including device programming or simulation files), and any 
associated documentation or information are expressly subject 
to the terms and conditions of the Altera Program License 
Subscription Agreement, Altera MegaCore Function License 
Agreement, or other applicable license agreement, including, 
without limitation, that your use is for the sole purpose of 
programming logic devices manufactured by Altera and sold by 
Altera or its authorized distributors.  Please refer to the 
applicable agreement for further details.



+-------------------------------------------------------------------+
; Flow Summary                                                      ;
+-------------------------+-----------------------------------------+
; Flow Status             ; Successful - Fri May 26 09:28:28 2023   ;
; Quartus II Version      ; 9.1 Build 222 10/21/2009 SJ Web Edition ;
; Revision Name           ; kuravaya                                ;
; Top-level Entity Name   ; kuravaya                                ;
; Family                  ; MAX II                                  ;
; Device                  ; EPM240T100C5                            ;
; Timing Models           ; Final                                   ;
; Met timing requirements ; Yes                                     ;
; Total logic elements    ; 3 / 240 ( 1 % )                         ;
; Total pins              ; 8 / 80 ( 10 % )                         ;
; Total virtual pins      ; 0                                       ;
; UFM blocks              ; 0 / 1 ( 0 % )                           ;
+-------------------------+-----------------------------------------+


+-----------------------------------------+
; Flow Settings                           ;
+-------------------+---------------------+
; Option            ; Setting             ;
+-------------------+---------------------+
; Start date & time ; 05/26/2023 09:28:24 ;
; Main task         ; Compilation         ;
; Revision Name     ; kuravaya            ;
+-------------------+---------------------+


+--------------------------------------------------------------------------------------------------------------------------------------------------------------+
; Flow Non-Default Global Settings                                                                                                                             ;
+---------------------------------------+-----------------------------------------------------------------------+---------------+-------------+----------------+
; Assignment Name                       ; Value                                                                 ; Default Value ; Entity Name ; Section Id     ;
+---------------------------------------+-----------------------------------------------------------------------+---------------+-------------+----------------+
; COMPILER_SIGNATURE_ID                 ; 9413548000222.168508250425080                                         ; --            ; --          ; --             ;
; MAX_CORE_JUNCTION_TEMP                ; 85                                                                    ; --            ; --          ; --             ;
; MIN_CORE_JUNCTION_TEMP                ; 0                                                                     ; --            ; --          ; --             ;
; MISC_FILE                             ; C:/Users/rampa/OneDrive/Рабочий стол/курсач/quartus ochs/kuravaya.dpf ; --            ; --          ; --             ;
; POWER_EXT_SUPPLY_VOLTAGE_TO_REGULATOR ; 3.3V                                                                  ; --            ; --          ; --             ;
; USE_GENERATED_PHYSICAL_CONSTRAINTS    ; Off                                                                   ; --            ; --          ; eda_blast_fpga ;
+---------------------------------------+-----------------------------------------------------------------------+---------------+-------------+----------------+


+-----------------------------------------------------------------------------------------------------------------------------+
; Flow Elapsed Time                                                                                                           ;
+-------------------------+--------------+-------------------------+---------------------+------------------------------------+
; Module Name             ; Elapsed Time ; Average Processors Used ; Peak Virtual Memory ; Total CPU Time (on all processors) ;
+-------------------------+--------------+-------------------------+---------------------+------------------------------------+
; Analysis & Synthesis    ; 00:00:01     ; 1.0                     ; 211 MB              ; 00:00:01                           ;
; Fitter                  ; 00:00:01     ; 1.0                     ; 209 MB              ; 00:00:01                           ;
; Assembler               ; 00:00:00     ; 1.0                     ; 186 MB              ; 00:00:00                           ;
; Classic Timing Analyzer ; 00:00:00     ; 1.0                     ; 156 MB              ; 00:00:00                           ;
; Total                   ; 00:00:02     ; --                      ; --                  ; 00:00:02                           ;
+-------------------------+--------------+-------------------------+---------------------+------------------------------------+


+------------------------------------------------------------------------------------------+
; Flow OS Summary                                                                          ;
+-------------------------+------------------+---------------+------------+----------------+
; Module Name             ; Machine Hostname ; OS Name       ; OS Version ; Processor type ;
+-------------------------+------------------+---------------+------------+----------------+
; Analysis & Synthesis    ; machine          ; Windows Vista ; 6.2        ; x86_64         ;
; Fitter                  ; machine          ; Windows Vista ; 6.2        ; x86_64         ;
; Assembler               ; machine          ; Windows Vista ; 6.2        ; x86_64         ;
; Classic Timing Analyzer ; machine          ; Windows Vista ; 6.2        ; x86_64         ;
+-------------------------+------------------+---------------+------------+----------------+


------------
; Flow Log ;
------------
quartus_map --read_settings_files=on --write_settings_files=off kuravaya -c kuravaya
quartus_fit --read_settings_files=off --write_settings_files=off kuravaya -c kuravaya
quartus_asm --read_settings_files=off --write_settings_files=off kuravaya -c kuravaya
quartus_tan --read_settings_files=off --write_settings_files=off kuravaya -c kuravaya



