  arrays.c
C:\BSUIR\finished\OAiP\laba6\task1_var8\task1_var8\arrays.c(82,9): warning C4244: 'function': conversion from 'time_t' to 'unsigned int', possible loss of data
C:\BSUIR\finished\OAiP\laba6\task1_var8\task1_var8\arrays.c(87,1): warning C4029: declared formal parameter list different from definition
  main.c
C:\BSUIR\finished\OAiP\laba6\task1_var8\task1_var8\main.c(20,22): warning C4047: 'function': 'char *' differs in levels of indirection from 'char (*)[12]'
C:\BSUIR\finished\OAiP\laba6\task1_var8\task1_var8\main.c(20,15): warning C4024: 'array_choice': different types for formal and actual parameter 1
C:\BSUIR\finished\OAiP\laba6\task1_var8\task1_var8\main.c(22,31): warning C4020: 'array_worst': too many actual parameters
C:\BSUIR\finished\OAiP\laba6\task1_var8\task1_var8\main.c(23,31): warning C4020: 'array_worst': too many actual parameters
C:\BSUIR\finished\OAiP\laba6\task1_var8\task1_var8\main.c(28,37): warning C4020: 'bubble_sort': too many actual parameters
C:\BSUIR\finished\OAiP\laba6\task1_var8\task1_var8\main.c(34,22): warning C4047: 'function': 'int *' differs in levels of indirection from 'int **'
C:\BSUIR\finished\OAiP\laba6\task1_var8\task1_var8\main.c(34,13): warning C4024: 'shell_sort': different types for formal and actual parameter 1
C:\BSUIR\finished\OAiP\laba6\task1_var8\task1_var8\main.c(34,37): warning C4020: 'shell_sort': too many actual parameters
C:\BSUIR\finished\OAiP\laba6\task1_var8\task1_var8\main.c(40,43): warning C4020: 'bubble_sort': too many actual parameters
C:\BSUIR\finished\OAiP\laba6\task1_var8\task1_var8\main.c(46,28): warning C4047: 'function': 'int *' differs in levels of indirection from 'int **'
C:\BSUIR\finished\OAiP\laba6\task1_var8\task1_var8\main.c(46,13): warning C4024: 'shell_sort': different types for formal and actual parameter 1
C:\BSUIR\finished\OAiP\laba6\task1_var8\task1_var8\main.c(46,43): warning C4020: 'shell_sort': too many actual parameters
  sort.c
C:\BSUIR\finished\OAiP\laba6\task1_var8\task1_var8\sort.c(34,1): warning C4029: declared formal parameter list different from definition
C:\BSUIR\finished\OAiP\laba6\task1_var8\task1_var8\sort.c(52,23): warning C4028: formal parameter 1 different from declaration
C:\BSUIR\finished\OAiP\laba6\task1_var8\task1_var8\sort.c(53,1): warning C4029: declared formal parameter list different from definition
  Generating Code...
  task1_var8.vcxproj -> C:\BSUIR\finished\OAiP\laba6\task1_var8\x64\Debug\task1_var8.exe
